\BOOKMARK [1][-]{section.1}{\376\377\000E\000i\000n\000l\000e\000i\000t\000u\000n\000g}{}% 1
\BOOKMARK [1][-]{section.2}{\376\377\000H\000i\000n\000t\000e\000r\000g\000r\000u\000n\000d}{}% 2
\BOOKMARK [2][-]{subsection.2.1}{\376\377\000P\000r\000o\000b\000l\000e\000m\000s\000t\000e\000l\000l\000u\000n\000g}{section.2}% 3
\BOOKMARK [2][-]{subsection.2.2}{\376\377\000Z\000e\000i\000t\000t\000a\000f\000e\000l\000p\000r\000o\000b\000l\000e\000m\000e}{section.2}% 4
\BOOKMARK [3][-]{subsubsection.2.2.1}{\376\377\000U\000n\000i\000v\000e\000r\000s\000i\000t\000y\000\040\000C\000o\000u\000r\000s\000e\000\040\000T\000i\000m\000e\000t\000a\000b\000l\000i\000n\000g\000\040\000P\000r\000o\000b\000l\000e\000m\000\040\000\050\000U\000C\000T\000T\000P\000\051}{subsection.2.2}% 5
\BOOKMARK [3][-]{subsubsection.2.2.2}{\376\377\000S\000t\000u\000d\000e\000n\000t\000\040\000S\000e\000c\000t\000i\000o\000n\000i\000n\000g\000\040\000P\000r\000o\000b\000l\000e\000m\000\040\000\050\000S\000S\000P\000\051}{subsection.2.2}% 6
\BOOKMARK [3][-]{subsubsection.2.2.3}{\376\377\000S\000i\000n\000g\000l\000e\000\040\000S\000t\000u\000d\000e\000n\000t\000\040\000S\000c\000h\000e\000d\000u\000l\000i\000n\000g}{subsection.2.2}% 7
\BOOKMARK [2][-]{subsection.2.3}{\376\377\000L\000\366\000s\000u\000n\000g\000s\000v\000e\000r\000f\000a\000h\000r\000e\000n}{section.2}% 8
\BOOKMARK [3][-]{subsubsection.2.3.1}{\376\377\000B\000r\000u\000t\000e\000-\000F\000o\000r\000c\000e\000\040\000a\000l\000s\000\040\000l\000a\000n\000g\000s\000a\000m\000e\000s\000,\000\040\000e\000x\000a\000k\000t\000e\000s\000\040\000L\000\366\000s\000u\000n\000g\000s\000v\000e\000r\000f\000a\000h\000r\000e\000n}{subsection.2.3}% 9
\BOOKMARK [3][-]{subsubsection.2.3.2}{\376\377\000I\000n\000t\000e\000g\000e\000r\000\040\000L\000i\000n\000e\000a\000r\000\040\000P\000r\000o\000g\000r\000a\000m\000m\000i\000n\000g\000\040\000a\000l\000s\000\040\000s\000c\000h\000n\000e\000l\000l\000e\000s\000,\000\040\000e\000x\000a\000k\000t\000e\000s\000\040\000L\000\366\000s\000u\000n\000g\000s\000v\000e\000r\000f\000a\000h\000r\000e\000n}{subsection.2.3}% 10
\BOOKMARK [3][-]{subsubsection.2.3.3}{\376\377\000H\000e\000u\000r\000i\000s\000t\000i\000s\000c\000h\000e\000\040\000V\000e\000r\000f\000a\000h\000r\000e\000n\000\040\000a\000l\000s\000\040\000s\000c\000h\000n\000e\000l\000l\000e\000,\000\040\000n\000i\000c\000h\000t\000\040\000e\000x\000a\000k\000t\000e\000\040\000L\000\366\000s\000u\000n\000g\000s\000v\000e\000r\000f\000a\000h\000r\000e\000n}{subsection.2.3}% 11
\BOOKMARK [2][-]{subsection.2.4}{\376\377\000R\000e\000p\000l\000i\000k\000a\000t\000i\000o\000n\000s\000a\000r\000b\000e\000i\000t}{section.2}% 12
\BOOKMARK [3][-]{subsubsection.2.4.1}{\376\377\000D\000e\000f\000i\000n\000i\000t\000i\000o\000n\000\040\000u\000n\000d\000\040\000A\000r\000t\000e\000n\000\040\000d\000e\000r\000\040\000R\000e\000p\000l\000i\000k\000a\000t\000i\000o\000n}{subsection.2.4}% 13
\BOOKMARK [3][-]{subsubsection.2.4.2}{\376\377\000A\000n\000f\000o\000r\000d\000e\000r\000u\000n\000g\000e\000n\000\040\000a\000n\000\040\000e\000i\000n\000e\000\040\000w\000i\000s\000s\000e\000n\000s\000c\000h\000a\000f\000t\000l\000i\000c\000h\000e\000\040\000R\000e\000p\000l\000i\000k\000a\000t\000i\000o\000n}{subsection.2.4}% 14
\BOOKMARK [1][-]{section.3}{\376\377\000Z\000i\000e\000l\000s\000e\000t\000z\000u\000n\000g\000\040\000u\000n\000d\000\040\000A\000b\000g\000r\000e\000n\000z\000u\000n\000g}{}% 15
\BOOKMARK [1][-]{section.4}{\376\377\000D\000a\000t\000e\000n\000b\000e\000r\000e\000i\000t\000s\000t\000e\000l\000l\000u\000n\000g}{}% 16
\BOOKMARK [2][-]{subsection.4.1}{\376\377\000D\000a\000t\000e\000n\000s\000t\000r\000u\000k\000t\000u\000r}{section.4}% 17
\BOOKMARK [2][-]{subsection.4.2}{\376\377\000E\000x\000t\000r\000a\000k\000t\000i\000o\000n\000s\000p\000r\000o\000z\000e\000s\000s}{section.4}% 18
\BOOKMARK [2][-]{subsection.4.3}{\376\377\000D\000e\000s\000k\000r\000i\000p\000t\000i\000v\000e\000\040\000A\000n\000a\000l\000y\000s\000e}{section.4}% 19
\BOOKMARK [1][-]{section.5}{\376\377\000A\000n\000a\000l\000y\000s\000e}{}% 20
\BOOKMARK [2][-]{subsection.5.1}{\376\377\000I\000m\000p\000l\000e\000m\000e\000n\000t\000i\000e\000r\000u\000n\000g\000\040\000d\000e\000s\000\040\000I\000L\000P\000\040\000B\000a\000s\000e\000l\000i\000n\000e\000\040\000A\000n\000s\000a\000t\000z\000e\000s}{section.5}% 21
\BOOKMARK [3][-]{subsubsection.5.1.1}{\376\377\000V\000a\000r\000i\000a\000b\000l\000e\000n\000,\000\040\000P\000a\000r\000a\000m\000e\000t\000e\000r\000\040\000u\000n\000d\000\040\000Z\000i\000e\000l\000f\000u\000n\000k\000t\000i\000o\000n}{subsection.5.1}% 22
\BOOKMARK [3][-]{subsubsection.5.1.2}{\376\377\000N\000e\000b\000e\000n\000b\000e\000d\000i\000n\000g\000u\000n\000g\000e\000n\000\040\000\050\000C\000o\000n\000s\000t\000r\000a\000i\000n\000t\000s\000\051}{subsection.5.1}% 23
\BOOKMARK [3][-]{subsubsection.5.1.3}{\376\377\000C\000P\000U\000\040\000v\000s\000.\000\040\000G\000P\000U}{subsection.5.1}% 24
\BOOKMARK [2][-]{subsection.5.2}{\376\377\000I\000m\000p\000l\000e\000m\000e\000n\000t\000i\000e\000r\000u\000n\000g\000\040\000d\000e\000r\000\040\000H\000i\000l\000l\000-\000C\000l\000i\000m\000b\000i\000n\000g\000\040\000A\000l\000g\000o\000r\000i\000t\000h\000m\000e\000n}{section.5}% 25
\BOOKMARK [3][-]{subsubsection.5.2.1}{\376\377\000H\000i\000l\000l\000-\000C\000l\000i\000m\000b\000i\000n\000g\000\040\000v\0001}{subsection.5.2}% 26
\BOOKMARK [3][-]{subsubsection.5.2.2}{\376\377\000H\000i\000l\000l\000-\000C\000l\000i\000m\000b\000i\000n\000g\000\040\000v\0003}{subsection.5.2}% 27
\BOOKMARK [3][-]{subsubsection.5.2.3}{\376\377\000S\000u\000c\000h\000s\000t\000r\000a\000t\000e\000g\000i\000e}{subsection.5.2}% 28
\BOOKMARK [3][-]{subsubsection.5.2.4}{\376\377\000A\000b\000b\000r\000u\000c\000h\000k\000r\000i\000t\000e\000r\000i\000e\000n}{subsection.5.2}% 29
\BOOKMARK [3][-]{subsubsection.5.2.5}{\376\377\000Z\000u\000r\000\040\000N\000i\000c\000h\000t\000-\000I\000m\000p\000l\000e\000m\000e\000n\000t\000i\000e\000r\000u\000n\000g\000\040\000v\000o\000n\000\040\000H\000i\000l\000l\000-\000C\000l\000i\000m\000b\000i\000n\000g\000\040\000v\0002}{subsection.5.2}% 30
\BOOKMARK [2][-]{subsection.5.3}{\376\377\000I\000m\000p\000l\000e\000m\000e\000n\000t\000i\000e\000r\000u\000n\000g\000\040\000d\000e\000s\000\040\000O\000f\000f\000e\000r\000i\000n\000g\000-\000O\000r\000d\000e\000r\000\040\000A\000l\000g\000o\000r\000i\000t\000h\000m\000u\000s}{section.5}% 31
\BOOKMARK [3][-]{subsubsection.5.3.1}{\376\377\000S\000o\000r\000t\000i\000e\000r\000u\000n\000g}{subsection.5.3}% 32
\BOOKMARK [3][-]{subsubsection.5.3.2}{\376\377\000S\000u\000c\000h\000s\000t\000r\000a\000t\000e\000g\000i\000e}{subsection.5.3}% 33
\BOOKMARK [2][-]{subsection.5.4}{\376\377\000S\000z\000e\000n\000a\000r\000i\000e\000n\000d\000e\000f\000i\000n\000i\000t\000i\000o\000n}{section.5}% 34
\BOOKMARK [3][-]{subsubsection.5.4.1}{\376\377\000F\000r\000e\000i\000e\000r\000\040\000T\000a\000g}{subsection.5.4}% 35
\BOOKMARK [3][-]{subsubsection.5.4.2}{\376\377\000B\000e\000l\000i\000e\000b\000t\000e\000\040\000Z\000e\000i\000t\000e\000n}{subsection.5.4}% 36
\BOOKMARK [3][-]{subsubsection.5.4.3}{\376\377\000\304\000h\000n\000l\000i\000c\000h\000e\000r\000\040\000P\000r\000o\000b\000l\000e\000m\000s\000t\000e\000l\000l\000u\000n\000g\000e\000n}{subsection.5.4}% 37
\BOOKMARK [3][-]{subsubsection.5.4.4}{\376\377\000V\000e\000r\000g\000l\000e\000i\000c\000h\000b\000a\000r\000k\000e\000i\000t}{subsection.5.4}% 38
\BOOKMARK [2][-]{subsection.5.5}{\376\377\000V\000e\000r\000s\000u\000c\000h\000s\000a\000u\000f\000b\000a\000u}{section.5}% 39
\BOOKMARK [3][-]{subsubsection.5.5.1}{\376\377\000Z\000i\000e\000l\000f\000u\000n\000k\000t\000i\000o\000n}{subsection.5.5}% 40
\BOOKMARK [3][-]{subsubsection.5.5.2}{\376\377\000D\000u\000r\000c\000h\000f\000\374\000h\000r\000u\000n\000g}{subsection.5.5}% 41
\BOOKMARK [1][-]{section.6}{\376\377\000E\000r\000g\000e\000b\000n\000i\000s\000s\000e}{}% 42
\BOOKMARK [2][-]{subsection.6.1}{\376\377\000S\000z\000e\000n\000a\000r\000i\000o\000\040\0001\000:\000\040\000K\000e\000i\000n\000e\000\040\000K\000u\000r\000s\000e\000\040\000a\000n\000\040\000M\000o\000n\000t\000a\000g\000e\000n}{section.6}% 43
\BOOKMARK [2][-]{subsection.6.2}{\376\377\000S\000z\000e\000n\000a\000r\000i\000o\000\040\0002\000:\000\040\000K\000e\000i\000n\000e\000\040\000K\000u\000r\000s\000e\000\040\000a\000n\000\040\000F\000r\000e\000i\000t\000a\000g\000e\000n}{section.6}% 44
\BOOKMARK [2][-]{subsection.6.3}{\376\377\000S\000z\000e\000n\000a\000r\000i\000o\000\040\0003\000:\000\040\000J\000e\000d\000e\000r\000\040\000T\000a\000g\000\040\000d\000e\000r\000\040\000W\000o\000c\000h\000e\000\040\000b\000i\000s\000\040\0009\000:\0004\0005\000\040\000f\000r\000e\000i}{section.6}% 45
\BOOKMARK [2][-]{subsection.6.4}{\376\377\000S\000z\000e\000n\000a\000r\000i\000o\000\040\0004\000:\000\040\000K\000e\000i\000n\000e\000\040\000K\000u\000r\000s\000e\000\040\000a\000n\000\040\000D\000o\000n\000n\000e\000r\000s\000t\000a\000g\000e\000n\000\040\000u\000n\000d\000\040\000F\000r\000e\000i\000t\000a\000g\000e\000n}{section.6}% 46
\BOOKMARK [2][-]{subsection.6.5}{\376\377\000S\000z\000e\000n\000a\000r\000i\000o\000\040\0005\000:\000\040\000E\000r\000h\000\366\000h\000t\000e\000\040\000P\000r\000i\000o\000r\000i\000t\000\344\000t\000\040\000\050\000+\0009\0000\000\051\000\040\000f\000\374\000r\000\040\000N\000a\000c\000h\000m\000i\000t\000t\000a\000g\000s\000,\000\040\000n\000e\000g\000a\000t\000i\000v\000e\000\040\000P\000r\000i\000o\000r\000i\000t\000\344\000t\000\040\000\050\000-\0009\0000\000\051\000\040\000f\000\374\000r\000\040\000A\000b\000e\000n\000d}{section.6}% 47
\BOOKMARK [2][-]{subsection.6.6}{\376\377\000S\000z\000e\000n\000a\000r\000i\000o\000\040\0006\000:\000\040\000E\000r\000h\000\366\000h\000t\000e\000\040\000P\000r\000i\000o\000r\000i\000t\000\344\000t\000\040\000\050\000+\0007\0000\000\051\000\040\000f\000\374\000r\000\040\000V\000o\000r\000m\000i\000t\000t\000a\000g\000,\000\040\000n\000e\000u\000t\000r\000a\000l\000e\000\040\000P\000r\000i\000o\000r\000i\000t\000\344\000t\000\040\000\050\0000\000\051\000\040\000f\000\374\000r\000\040\000N\000a\000c\000h\000m\000i\000t\000t\000a\000g\000,\000\040\000n\000e\000g\000a\000t\000i\000v\000e\000\040\000P\000r\000i\000o\000r\000i\000t\000\344\000t\000\040\000\050\000-\0008\0000\000\051\000\040\000f\000\374\000r\000\040\000A\000b\000e\000n\000d}{section.6}% 48
\BOOKMARK [2][-]{subsection.6.7}{\376\377\000S\000z\000e\000n\000a\000r\000i\000o\000\040\0007\000:\000\040\000S\000t\000u\000d\000i\000e\000r\000e\000n\000d\000e\000\040\000m\000\374\000s\000s\000e\000n\000\040\000v\000o\000n\000\040\0001\0002\000:\0000\0000\000\040\000b\000i\000s\000\040\0001\0003\000:\0000\0000\000\040\000Z\000e\000i\000t\000\040\000f\000\374\000r\000\040\000e\000i\000n\000\040\000M\000i\000t\000t\000a\000g\000e\000s\000s\000e\000n\000\040\000h\000a\000b\000e\000n}{section.6}% 49
\BOOKMARK [2][-]{subsection.6.8}{\376\377\000S\000z\000e\000n\000a\000r\000i\000o\000\040\0008\000:\000\040\000S\000t\000u\000d\000i\000e\000r\000e\000n\000d\000e\000\040\000m\000\374\000s\000s\000e\000n\000\040\000m\000e\000h\000r\000\040\000a\000l\000s\000\040\000e\000i\000n\000e\000n\000\040\000K\000u\000r\000s\000\040\000p\000r\000o\000\040\000T\000a\000g\000\040\000b\000e\000s\000u\000c\000h\000e\000n}{section.6}% 50
\BOOKMARK [2][-]{subsection.6.9}{\376\377\000S\000z\000e\000n\000a\000r\000i\000o\000\040\0009\000:\000\040\000S\000t\000u\000d\000i\000e\000r\000e\000n\000d\000e\000\040\000d\000\374\000r\000f\000e\000n\000\040\000n\000i\000c\000h\000t\000\040\000m\000e\000h\000r\000\040\000a\000l\000s\000\040\000d\000r\000e\000i\000\040\000K\000u\000r\000s\000e\000\040\000p\000r\000o\000\040\000T\000a\000g\000\040\000b\000e\000s\000u\000c\000h\000e\000n}{section.6}% 51
\BOOKMARK [2][-]{subsection.6.10}{\376\377\000S\000z\000e\000n\000a\000r\000i\000o\000\040\0001\0000\000:\000\040\000A\000l\000l\000e\000\040\000K\000u\000r\000s\000e\000\040\000k\000\366\000n\000n\000e\000n\000\040\000f\000r\000e\000i\000\040\000v\000o\000n\000\040\000C\000o\000n\000s\000t\000r\000a\000i\000n\000t\000s\000\040\000g\000e\000w\000\344\000h\000l\000t\000\040\000w\000e\000r\000d\000e\000n}{section.6}% 52
\BOOKMARK [2][-]{subsection.6.11}{\376\377\000S\000z\000e\000n\000a\000r\000i\000o\000\040\0001\0001\000:\000\040\0002\0005\000\045\000-\000\040\0007\0005\000\045\000\040\000a\000l\000l\000e\000r\000\040\000K\000u\000r\000s\000e\000\040\000k\000\366\000n\000n\000e\000n\000\040\000n\000i\000c\000h\000t\000\040\000b\000e\000l\000e\000g\000t\000\040\000w\000e\000r\000d\000e\000n\000.}{section.6}% 53
\BOOKMARK [2][-]{subsection.6.12}{\376\377\000S\000z\000e\000n\000a\000r\000i\000o\000\040\0001\0002\000:\000\040\0001\000\040\000-\000\040\0007\000\040\000K\000u\000r\000s\000e\000\040\000s\000i\000n\000d\000\040\000v\000o\000r\000g\000e\000g\000e\000b\000e\000n}{section.6}% 54
\BOOKMARK [2][-]{subsection.6.13}{\376\377\000S\000z\000e\000n\000a\000r\000i\000o\000\040\0001\0003\000:\000\040\000K\000e\000i\000n\000e\000\040\000K\000u\000r\000s\000e\000\040\000z\000w\000i\000s\000c\000h\000e\000m\000\040\0006\000:\0000\0000\000\040\000m\000o\000r\000g\000e\000n\000s\000\040\000u\000n\000d\000\040\0001\0003\000:\0000\0000}{section.6}% 55
\BOOKMARK [2][-]{subsection.6.14}{\376\377\000S\000z\000e\000n\000a\000r\000i\000o\000\040\0001\0004\000:\000\040\000K\000e\000i\000n\000e\000\040\000K\000u\000r\000s\000e\000\040\000M\000o\000n\000t\000a\000g\000s\000,\000\040\000D\000i\000e\000n\000s\000t\000a\000g\000s\000\040\000u\000n\000d\000\040\000M\000i\000t\000t\000w\000o\000c\000h\000s}{section.6}% 56
\BOOKMARK [1][-]{section.7}{\376\377\000D\000i\000s\000k\000u\000s\000s\000i\000o\000n}{}% 57
\BOOKMARK [2][-]{subsection.7.1}{\376\377\000E\000r\000g\000e\000b\000n\000i\000s\000s\000e\000\040\000i\000n\000\040\000d\000e\000r\000\040\000U\000r\000s\000p\000r\000u\000n\000g\000s\000a\000r\000b\000e\000i\000t}{section.7}% 58
\BOOKMARK [2][-]{subsection.7.2}{\376\377\000V\000e\000r\000g\000l\000e\000i\000c\000h\000\040\000m\000i\000t\000\040\000d\000e\000r\000\040\000U\000r\000s\000p\000r\000u\000n\000g\000s\000a\000r\000b\000e\000i\000t}{section.7}% 59
\BOOKMARK [3][-]{subsubsection.7.2.1}{\376\377\000L\000\366\000s\000u\000n\000g\000s\000q\000u\000a\000l\000i\000t\000\344\000t\000\040\000\050\000S\000c\000o\000r\000e\000\051}{subsection.7.2}% 60
\BOOKMARK [3][-]{subsubsection.7.2.2}{\376\377\000L\000a\000u\000f\000z\000e\000i\000t\000\040\000u\000n\000d\000\040\000P\000e\000r\000f\000o\000r\000m\000a\000n\000c\000e}{subsection.7.2}% 61
\BOOKMARK [2][-]{subsection.7.3}{\376\377\000E\000i\000g\000e\000n\000e\000\040\000E\000r\000g\000e\000b\000n\000i\000s\000s\000e\000\040\000i\000m\000\040\000e\000r\000w\000e\000i\000t\000e\000r\000t\000e\000n\000\040\000K\000o\000n\000t\000e\000x\000t}{section.7}% 62
\BOOKMARK [3][-]{subsubsection.7.3.1}{\376\377\000D\000e\000r\000\040\000E\000i\000n\000f\000l\000u\000s\000s\000\040\000m\000o\000d\000e\000r\000n\000e\000r\000\040\000S\000o\000l\000v\000e\000r\000\040\000\050\000I\000L\000P\000\051}{subsection.7.3}% 63
\BOOKMARK [3][-]{subsubsection.7.3.2}{\376\377\000G\000P\000U\000\040\000v\000s\000.\000\040\000C\000P\000U}{subsection.7.3}% 64
\BOOKMARK [2][-]{subsection.7.4}{\376\377\000E\000i\000n\000s\000c\000h\000r\000\344\000n\000k\000u\000n\000g\000e\000n}{section.7}% 65
\BOOKMARK [1][-]{section.8}{\376\377\000F\000a\000z\000i\000t}{}% 66
\BOOKMARK [2][-]{subsection.8.1}{\376\377\000V\000e\000r\000w\000a\000n\000d\000t\000e\000\040\000A\000r\000b\000e\000i\000t\000e\000n}{section.8}% 67
\BOOKMARK [2][-]{subsection.8.2}{\376\377\000A\000n\000w\000e\000n\000d\000u\000n\000g\000s\000f\000\344\000l\000l\000e\000\040\000u\000n\000d\000\040\000W\000e\000i\000t\000e\000r\000e\000n\000t\000w\000i\000c\000k\000l\000u\000n\000g}{section.8}% 68
\BOOKMARK [2][-]{subsection.8.3}{\376\377\000S\000c\000h\000l\000u\000s\000s\000w\000o\000r\000t\000e}{section.8}% 69
